FMOD: SystemI::init                  : FMOD Ex Version: 00044429
FMOD: SystemI::init                  : maxchannels = 2, flags = 00000000, extradriverdata = 00000000
FMOD: SystemI::close                 : 
FMOD: SystemI::close                 : Stop all sounds
FMOD: SystemI::close                 : Remove miscllaneous DSP stuff.
FMOD: SystemI::close                 : done.

FMOD: OutputWASAPI::enumerate        : Enumerating...
FMOD: OutputWASAPI::enumerate        : Initialise COM library.
FMOD: OutputWASAPI::enumerate        : Found Driver: "AMD HDMI Output (AMD High Definition Audio Device)".
FMOD: OutputWASAPI::enumerate        : Found Driver: "Lautsprecher (Realtek High Definition Audio)".
FMOD: OutputWASAPI::enumerate        : Found Driver: "Goldenes Mikrofon (4- Anua Mic CM 900)".
FMOD: OutputWASAPI::enumerate        : Found Driver: "Stereomix (Realtek High Definition Audio)".
FMOD: OutputWASAPI::enumerate        : Done.
FMOD: OutputWASAPI::initEx           : Initialising...
FMOD: OutputWASAPI::initEx           : Done.
FMOD: SystemI::init                  : Set up software engine
FMOD: Thread::initThread             : Initializing FMOD (WASAPI) feeder thread.  priority 0
FMOD: Thread::initThread             : - Stacksize 0.  Stack pointer 00000000 : usesemaphore = 0 : sleeptime = 0
FMOD: Thread::callback               : * FMOD (WASAPI) feeder thread started
FMOD: Thread::initThread             : done.
FMOD: OutputWASAPI::feederUpdate     : WASAPI feeder thread set to 'Audio' characteristic
FMOD: Thread::initThread             : Initializing FMOD mixer thread.  priority 2
FMOD: Thread::initThread             : - Stacksize 49152.  Stack pointer 00000000 : usesemaphore = 1 : sleeptime = 0
FMOD: Thread::callback               : * FMOD mixer thread started
FMOD: Thread::initThread             : done.
FMOD: SystemI::init                  : Set up emulated output
FMOD: SystemI::init                  : create the channel pool
FMOD: SystemI::init                  : Set up streamer
FMOD: Thread::initThread             : Initializing FMOD stream thread.  priority 2
FMOD: Thread::initThread             : - Stacksize 65536.  Stack pointer 00000000 : usesemaphore = 0 : sleeptime = 10
FMOD: Thread::callback               : * FMOD stream thread started
FMOD: Thread::initThread             : done.
FMOD: SystemI::init                  : done

FMOD: SystemI::createSound           : filename = C : mode 010100a8
FMOD: SystemI::createSound           : FMOD_NONBLOCKING specified.  Putting into queue to be opened asynchronously!
FMOD: SystemI::createSound           : allocated async data mem
FMOD: SystemI::createSound           : getasyncthread
FMOD: Thread::initThread             : Initializing FMOD nonblocking thread (0).  priority 1
FMOD: Thread::initThread             : - Stacksize 81920.  Stack pointer 00000000 : usesemaphore = 1 : sleeptime = 0
FMOD: Thread::callback               : * FMOD nonblocking thread (0) started
FMOD: Thread::initThread             : done.
FMOD: SystemI::createSound           : setdata soundi = 06A4FE00 : node = 0707168C
FMOD: SystemI::createSound           : add node to async list : head = 0706BA78.  list count = 0
FMOD: SystemI::createSound           : done
ng Asynchronous operation on sound 06A4FE00
FMOD: SystemI::createSoundInternal   :     filename = C : mode 010100a8
FMOD: SystemI::createSoundInternal   :     21 codecs found.  Scan all until one succeeds
FMOD: CodecTag::openInternal         :     attempting to open ID3 or ASF tags..
FMOD: Codec::release                 :     
FMOD: Plugin::release                :     (07093930)
FMOD: Plugin::release                :     done
FMOD: Codec::release                 :     done
FMOD: CodecCDDA::openInternal        :     attempting to open as CDDA..
FMOD: Codec::release                 :     
FMOD: Plugin::release                :     (07093D40)
FMOD: Plugin::release                :     done
FMOD: Codec::release                 :     done
FMOD: CodecFSB5::openInternal        :     attempting to open as FSB5..
FMOD: CodecFSB5::headerReadCheck     :     Header check failed. Not an FSB5
FMOD: Codec::release                 :     
FMOD: CodecFSB5::closeInternal       :     
FMOD: CodecFSB5::closeInternal       :     done
FMOD: Plugin::release                :     (07093D40)
FMOD: Plugin::release                :     done
FMOD: Codec::release                 :     done
FMOD: CodecFSB::openInternal         :     attempting to open as FSB..
FMOD: CodecFSB::openInternal         :     Header check failed.  Not an FSB
FMOD: Codec::release                 :     
FMOD: CodecFSB::closeInternal        :     
FMOD: CodecFSB::closeInternal        :     done
FMOD: Plugin::release                :     (0706B0C0)
FMOD: Plugin::release                :     done
FMOD: Codec::release                 :     done
FMOD: CodecVAG::openInternal         :     attempting to open as VAG..
FMOD: CodecVAG::openInternal         :     'VAG' ID check failed [FMOD: Codec::release                 :     
FMOD: Plugin::release                :     (07073348)
FMOD: Plugin::release                :     done
FMOD: Codec::release                 :     done
FMOD: CodecWav::openInternal         :     attempting to open as WAV..
FMOD: Codec::release                 :     
FMOD: Plugin::release                :     (0706B0C0)
FMOD: Plugin::release                :     done
FMOD: Codec::release                 :     done
FMOD: CodecOggVorbis::openInternal   :     attempting to open as OGG..
FMOD: CodecOggVorbis::openInternal   :     failed to open as ogg
FMOD: Codec::release                 :     
FMOD: Plugin::release                :     (07093D40)
FMOD: Plugin::release                :     done
FMOD: Codec::release                 :     done
FMOD: CodecAIFF::openInternal        :     attempting to open as AIFF..
FMOD: Codec::release                 :     
FMOD: Plugin::release                :     (0706B0C0)
FMOD: Plugin::release                :     done
FMOD: Codec::release                 :     done
FMOD: CodecFLAC::openInternal        :     attempting to open as FLAC..
FMOD: Codec::release                 :     
FMOD: Plugin::release                :     (0706B0C0)
FMOD: Plugin::release                :     done
FMOD: Codec::release                 :     done
FMOD: CodecMOD::openInternal         :     attempting to open as MOD..
FMOD: CodecMOD::openInternal         :     'M.K.' etc ID check failed [UUUU]
FMOD: Codec::release                 :     
FMOD: Plugin::release                :     (07093D40)
FMOD: Plugin::release                :     done
FMOD: Codec::release                 :     done
FMOD: CodecS3M::openInternal         :     attempting to open as S3M..
FMOD: CodecS3M::openInternal         :     'SCRM' ID check failed [FMOD: Codec::release                 :     
FMOD: Plugin::release                :     (07093D40)
FMOD: Plugin::release                :     done
FMOD: Codec::release                 :     done
FMOD: CodecXM::openInternal          :     attempting to open as XM..
FMOD: CodecXM::openInternal          :     'Extended Module: ' ID check failed [FMOD: Codec::release                 :     
FMOD: CodecXM::closeInternal         :     3585
FMOD: CodecXM::closeInternal         :     done
FMOD: Plugin::release                :     (07093D40)
FMOD: Plugin::release                :     done
FMOD: Codec::release                 :     done
FMOD: CodecIT::openInternal          :     attempting to open as IT..
FMOD: CodecIT::openInternal          :     'IMPM' etc ID check failed [FMOD: Codec::release                 :     
FMOD: Plugin::release                :     (07093D40)
FMOD: Plugin::release                :     done
FMOD: Codec::release                 :     done
FMOD: CodecMIDI::openInternal        :     attempting to open as MIDI..
FMOD: CodecMIDI::openInternal        :     'HThd' ID check failed [FMOD: Codec::release                 :     
FMOD: Plugin::release                :     (07093D40)
FMOD: Plugin::release                :     done
FMOD: Codec::release                 :     done
FMOD: CodecDLS::openInternal         :     attempting to open as DLS..
FMOD: Codec::release                 :     
FMOD: Plugin::release                :     (0706B0C0)
FMOD: Plugin::release                :     done
FMOD: Codec::release                 :     done
FMOD: CodecASF::openInternal         :     attempting to open as ASF..
FMOD: Codec::release                 :     
FMOD: Plugin::release                :     (0706B0C0)
FMOD: Plugin::release                :     done
FMOD: Codec::release                 :     done
FMOD: CodecMPEG::openInternal        :     attempting to open as MPEG..
FMOD: SystemI::createSoundInternal   :     Format has 0 subsounds.
FMOD: SystemI::createSoundInternal   :     Create as FMOD_CREATESTREAM
FMOD: System::createSoundInternal    :     decode buffersize = 17280 : blocksize = 1152 : format = 2
FMOD: SystemI::createSample          :     mode 010100ca length 17280 samples, lengthbytes 3238892
FMOD: SystemI::createSample          :     subsamples = 1, channels = 2
FMOD: SystemI::createSample          :     subsample 0.  output = 06A4E790
FMOD: SystemI::createSample          :     mSoftware = 06A4E790
FMOD: OutputSoftware::createSample   :     lengthpcm 17280, lengthbytes 3238892, channels 2, format 2, freq 44100, mode 010100ca
FMOD: OutputSoftware::createSample   :     done
FMOD: SystemI::createSample          :     done
FMOD: System::createSoundInternal    :     Seek stream to start
FMOD: System::createSoundInternal    :     flush stream buffer
FMOD: System::createSoundInternal    :     flush successful.
FMOD: System::createSoundInternal    :     switch file handle from small blocking single buffered to large nonblocking doublebuffered.
FMOD: Thread::initThread             :         Initializing FMOD file thread.  priority 1
FMOD: Thread::initThread             :         - Stacksize 8192.  Stack pointer 00000000 : usesemaphore = 0 : sleeptime = 10
FMOD: Thread::callback               :         * FMOD file thread started
FMOD: Thread::initThread             :         done.
FMOD: SystemI::createSoundInternal   :     No name found in file, use filename.
FMOD: SystemI::createSoundInternal   :     done.  OpenState now = FMOD_OPENSTATE_READY.

FMOD: AsyncThread::threadFunc        : Finished Asynchronous operation on sound 06A4FE00
FMOD: SoundI::release                : K (06A4FE00)
FMOD: SoundI::release                : remove stream samples. (06A4FE00)
FMOD: SoundI::release                :      (07073480)
FMOD: SoundI::release                :     free this. (07073480)
FMOD: SoundI::release                :     done (07073480)
FMOD: SoundI::release                : release codec. (06A4FE00)
FMOD: Codec::release                 : 
FMOD: Codec::release                 : Close file (mFile = 07093758)
FMOD: Plugin::release                : (0706B0C0)
FMOD: Plugin::release                : done
FMOD: Codec::release                 : done
FMOD: SoundI::release                : free this. (06A4FE00)
FMOD: SoundI::release                : done (06A4FE00)
